1573826809996|Registry up and running!
1573826814440|GlobalRegistry processing put my-URI-controleur rmi=localhost
1573826814497|GlobalRegistry processing put controleurEolienneIPort rmi=localhost
1573826814513|All connected!
1573826814513|GlobalRegistry processing put my-URI-eolienne rmi=localhost
1573826814577|GlobalRegistry processing put eolienneIPort rmi=localhost
1573826814585|GlobalRegistry processing put controleurBouilloireIPort rmi=localhost
1573826814673|GlobalRegistry processing put controleurChauffageIPort rmi=localhost
1573826814761|GlobalRegistry processing put controleurCompteurIPort rmi=localhost
1573826814781|GlobalRegistry processing put my-URI-chauffage rmi=localhost
1573826814841|GlobalRegistry processing put chauffageToCapteurIPort rmi=localhost
1573826814853|GlobalRegistry processing put controleurChargeurIPort rmi=localhost
1573826814941|GlobalRegistry processing put controleurBatterieIPort rmi=localhost
1573826814941|GlobalRegistry processing put chauffageIPort rmi=localhost
1573826815033|GlobalRegistry processing put compteurChauffageIPort rmi=localhost
1573826815133|GlobalRegistry processing put my-URI-bouilloire rmi=localhost
1573826815145|GlobalRegistry processing put my-URI-compteur rmi=localhost
1573826815193|GlobalRegistry processing put compteurIPort rmi=localhost
1573826815237|GlobalRegistry processing put bouilloireIPort rmi=localhost
1573826815281|GlobalRegistry processing put chauffageCompteurIPort rmi=localhost
1573826815329|GlobalRegistry processing put compteurBouilloireIPort rmi=localhost
1573826815369|GlobalRegistry processing put bouilloireCompteurIPort rmi=localhost
1573826815425|GlobalRegistry processing put my-URI-capteur-vent rmi=localhost
1573826815457|GlobalRegistry processing put chargeurCompteurIPort rmi=localhost
1573826815525|GlobalRegistry processing put capteurVentIPort rmi=localhost
1573826815549|GlobalRegistry processing put fr.sorbonne_u.components.reflection.interfaces.ReflectionI-be8f9909-6bfe-49d8-b1f8-e09c3f86d62d rmi=localhost
1573826815625|GlobalRegistry processing put my-URI-capteur-chaleur rmi=localhost
1573826815641|GlobalRegistry processing put controleur-dcc rmi=localhost
1573826815725|GlobalRegistry processing put capteurChaleurIPort rmi=localhost
1573826815825|GlobalRegistry processing put my-URI-chargeur rmi=localhost
1573826815925|GlobalRegistry processing put chargeurIPort rmi=localhost
1573826816017|GlobalRegistry processing put compteurChargeurIPort rmi=localhost
1573826816113|GlobalRegistry processing put my-URI-batterie rmi=localhost
1573826816221|GlobalRegistry processing put batterieIPort rmi=localhost
1573826816317|GlobalRegistry processing put fr.sorbonne_u.components.reflection.interfaces.ReflectionI-52f77435-fa6e-470b-b6f1-21244d00b1ae rmi=localhost
1573826816409|GlobalRegistry processing put appareils-dcc rmi=localhost
1573826816541|GlobalRegistry processing lookup bouilloireIPort
1573826816541|GlobalRegistry processing lookup controleurBouilloireIPort
1573826816589|GlobalRegistry processing lookup compteurBouilloireIPort
1573826816601|GlobalRegistry processing lookup controleurChauffageIPort
1573826816677|GlobalRegistry processing lookup chauffageIPort
1573826816689|GlobalRegistry processing lookup chauffageCompteurIPort
1573826816765|GlobalRegistry processing lookup compteurChauffageIPort
1573826816781|GlobalRegistry processing lookup bouilloireCompteurIPort
1573826816853|GlobalRegistry processing lookup compteurChargeurIPort
1573826816869|GlobalRegistry processing lookup chargeurCompteurIPort
1573826816941|GlobalRegistry processing lookup eolienneIPort
1573826816957|GlobalRegistry processing lookup controleurEolienneIPort
1573826817029|GlobalRegistry processing lookup capteurVentIPort
1573826817045|GlobalRegistry processing lookup controleurChargeurIPort
1573826817117|GlobalRegistry processing lookup capteurChaleurIPort
1573826817133|GlobalRegistry processing lookup controleurBatterieIPort
1573826817205|GlobalRegistry processing lookup chargeurIPort
1573826817293|GlobalRegistry processing lookup batterieIPort
1573826832517|GlobalRegistry processing remove fr.sorbonne_u.components.reflection.interfaces.ReflectionI-be8f9909-6bfe-49d8-b1f8-e09c3f86d62d
1573826832561|GlobalRegistry processing remove my-URI-compteur
1573826832565|GlobalRegistry processing remove my-URI-eolienne
1573826832649|GlobalRegistry processing remove my-URI-controleur
1573826832653|GlobalRegistry processing remove my-URI-chauffage
1573826832741|GlobalRegistry processing remove my-URI-capteur-vent
1573826832829|GlobalRegistry processing remove my-URI-chargeur
1573826832917|GlobalRegistry processing remove fr.sorbonne_u.components.reflection.interfaces.ReflectionI-52f77435-fa6e-470b-b6f1-21244d00b1ae
1573826833005|GlobalRegistry processing remove my-URI-batterie
1573826833093|GlobalRegistry processing remove my-URI-capteur-chaleur
1573826833181|GlobalRegistry processing remove controleur-dcc
1573826833225|GlobalRegistry processing remove compteurIPort
1573826833269|GlobalRegistry processing remove compteurBouilloireIPort
1573826833313|GlobalRegistry processing remove chauffageCompteurIPort
1573826833357|GlobalRegistry processing remove eolienneIPort
1573826833401|GlobalRegistry processing remove bouilloireCompteurIPort
1573826833445|GlobalRegistry processing remove chauffageIPort
1573826833489|GlobalRegistry processing remove chargeurCompteurIPort
1573826833533|GlobalRegistry processing remove compteurChauffageIPort
1573826833577|GlobalRegistry processing remove controleurEolienneIPort
1573826833621|GlobalRegistry processing remove chauffageToCapteurIPort
1573826833665|GlobalRegistry processing remove controleurBouilloireIPort
1573826833709|GlobalRegistry processing remove capteurVentIPort
1573826833753|GlobalRegistry processing remove controleurChauffageIPort
1573826833797|GlobalRegistry processing remove chargeurIPort
1573826833841|GlobalRegistry processing remove controleurCompteurIPort
1573826833885|GlobalRegistry processing remove compteurChargeurIPort
1573826833929|GlobalRegistry processing remove controleurChargeurIPort
1573826833973|GlobalRegistry processing remove appareils-dcc
1573826834017|GlobalRegistry processing remove controleurBatterieIPort
1573826834061|GlobalRegistry processing remove batterieIPort
1573826834149|GlobalRegistry processing remove capteurChaleurIPort
1573826834281|GlobalRegistry processing shutdown
1573826834282|Global registry shuts down!
